<?xml version="1.0" encoding="UTF-8"?>
<!-- Generated by org.testng.reporters.JUnitReportReporter -->
<testsuite hostname="DESKTOP-RIQ688O" failures="0" tests="1" name="Demo.Test1" time="14.372" errors="0" timestamp="2022-10-20T20:49:47 IST" skipped="0">
  <testcase classname="Demo.Test1" name="test1" time="14.372"/>
  <system-out/>
</testsuite> <!-- Demo.Test1 -->
